# JRE version: Java(TM) SE Runtime Environment (8.0_65-b17) (build 1.8.0_65-b17)
# Java VM: Java HotSpot(TM) 64-Bit Server VM (25.65-b01 mixed mode windows-amd64 compressed oops)
Heap:
 PSYoungGen      total 1257472K, used 1122402K [0x000000076ab00000, 0x00000007c0000000, 0x00000007c0000000)
  eden space 1109504K, 95% used [0x000000076ab00000,0x00000007ab4d21c0,0x00000007ae680000)
  from space 147968K, 43% used [0x00000007b6f80000,0x00000007badc6668,0x00000007c0000000)
  to   space 140288K, 0% used [0x00000007ae680000,0x00000007ae680000,0x00000007b6f80000)
 ParOldGen       total 643584K, used 352689K [0x00000006c0000000, 0x00000006e7480000, 0x000000076ab00000)
  object space 643584K, 54% used [0x00000006c0000000,0x00000006d586c728,0x00000006e7480000)
 Metaspace       used 100052K, capacity 100557K, committed 101376K, reserved 1134592K
  class space    used 15676K, capacity 15830K, committed 15872K, reserved 1048576K
GC Heap History (10 events):
Event: 33.075 GC heap before
{Heap before GC invocations=28 (full 3):
 PSYoungGen      total 1275392K, used 1262436K [0x000000076ab00000, 0x00000007c0000000, 0x00000007c0000000)
  eden space 1173504K, 100% used [0x000000076ab00000,0x00000007b2500000,0x00000007b2500000)
  from space 101888K, 87% used [0x00000007b9c80000,0x00000007bf359368,0x00000007c0000000)
  to   space 112128K, 0% used [0x00000007b2500000,0x00000007b2500000,0x00000007b9280000)
 ParOldGen       total 500736K, used 257579K [0x00000006c0000000, 0x00000006de900000, 0x000000076ab00000)
  object space 500736K, 51% used [0x00000006c0000000,0x00000006cfb8ad10,0x00000006de900000)
 Metaspace       used 83012K, capacity 83459K, committed 84096K, reserved 1120256K
  class space    used 12556K, capacity 12671K, committed 12672K, reserved 1048576K
Event: 33.110 GC heap after
Heap after GC invocations=28 (full 3):
 PSYoungGen      total 1278464K, used 104911K [0x000000076ab00000, 0x00000007c0000000, 0x00000007c0000000)
  eden space 1173504K, 0% used [0x000000076ab00000,0x000000076ab00000,0x00000007b2500000)
  from space 104960K, 99% used [0x00000007b2500000,0x00000007b8b73ef8,0x00000007b8b80000)
  to   space 119296K, 0% used [0x00000007b8b80000,0x00000007b8b80000,0x00000007c0000000)
 ParOldGen       total 500736K, used 257611K [0x00000006c0000000, 0x00000006de900000, 0x000000076ab00000)
  object space 500736K, 51% used [0x00000006c0000000,0x00000006cfb92ff8,0x00000006de900000)
 Metaspace       used 83012K, capacity 83459K, committed 84096K, reserved 1120256K
  class space    used 12556K, capacity 12671K, committed 12672K, reserved 1048576K
}
Event: 35.028 GC heap before
{Heap before GC invocations=29 (full 3):
 PSYoungGen      total 1278464K, used 1278415K [0x000000076ab00000, 0x00000007c0000000, 0x00000007c0000000)
  eden space 1173504K, 100% used [0x000000076ab00000,0x00000007b2500000,0x00000007b2500000)
  from space 104960K, 99% used [0x00000007b2500000,0x00000007b8b73ef8,0x00000007b8b80000)
  to   space 119296K, 0% used [0x00000007b8b80000,0x00000007b8b80000,0x00000007c0000000)
 ParOldGen       total 500736K, used 257611K [0x00000006c0000000, 0x00000006de900000, 0x000000076ab00000)
  object space 500736K, 51% used [0x00000006c0000000,0x00000006cfb92ff8,0x00000006de900000)
 Metaspace       used 87919K, capacity 88391K, committed 89216K, reserved 1124352K
  class space    used 13477K, capacity 13605K, committed 13696K, reserved 1048576K
Event: 35.066 GC heap after
Heap after GC invocations=29 (full 3):
 PSYoungGen      total 1228288K, used 119276K [0x000000076ab00000, 0x00000007c0000000, 0x00000007c0000000)
  eden space 1108992K, 0% used [0x000000076ab00000,0x000000076ab00000,0x00000007ae600000)
  from space 119296K, 99% used [0x00000007b8b80000,0x00000007bfffb248,0x00000007c0000000)
  to   space 144384K, 0% used [0x00000007ae600000,0x00000007ae600000,0x00000007b7300000)
 ParOldGen       total 500736K, used 261710K [0x00000006c0000000, 0x00000006de900000, 0x000000076ab00000)
  object space 500736K, 52% used [0x00000006c0000000,0x00000006cff93a50,0x00000006de900000)
 Metaspace       used 87919K, capacity 88391K, committed 89216K, reserved 1124352K
  class space    used 13477K, capacity 13605K, committed 13696K, reserved 1048576K
}
Event: 35.793 GC heap before
{Heap before GC invocations=30 (full 3):
 PSYoungGen      total 1228288K, used 489078K [0x000000076ab00000, 0x00000007c0000000, 0x00000007c0000000)
  eden space 1108992K, 33% used [0x000000076ab00000,0x0000000781422768,0x00000007ae600000)
  from space 119296K, 99% used [0x00000007b8b80000,0x00000007bfffb248,0x00000007c0000000)
  to   space 144384K, 0% used [0x00000007ae600000,0x00000007ae600000,0x00000007b7300000)
 ParOldGen       total 500736K, used 261710K [0x00000006c0000000, 0x00000006de900000, 0x000000076ab00000)
  object space 500736K, 52% used [0x00000006c0000000,0x00000006cff93a50,0x00000006de900000)
 Metaspace       used 89785K, capacity 90227K, committed 90880K, reserved 1126400K
  class space    used 13831K, capacity 13959K, committed 14080K, reserved 1048576K
Event: 35.835 GC heap after
Heap after GC invocations=30 (full 3):
 PSYoungGen      total 1203712K, used 94448K [0x000000076ab00000, 0x00000007c0000000, 0x00000007c0000000)
  eden space 1108992K, 0% used [0x000000076ab00000,0x000000076ab00000,0x00000007ae600000)
  from space 94720K, 99% used [0x00000007ae600000,0x00000007b423c060,0x00000007b4280000)
  to   space 147968K, 0% used [0x00000007b6f80000,0x00000007b6f80000,0x00000007c0000000)
 ParOldGen       total 500736K, used 292528K [0x00000006c0000000, 0x00000006de900000, 0x000000076ab00000)
  object space 500736K, 58% used [0x00000006c0000000,0x00000006d1dac0f0,0x00000006de900000)
 Metaspace       used 89785K, capacity 90227K, committed 90880K, reserved 1126400K
  class space    used 13831K, capacity 13959K, committed 14080K, reserved 1048576K
}
Event: 35.835 GC heap before
{Heap before GC invocations=31 (full 4):
 PSYoungGen      total 1203712K, used 94448K [0x000000076ab00000, 0x00000007c0000000, 0x00000007c0000000)
  eden space 1108992K, 0% used [0x000000076ab00000,0x000000076ab00000,0x00000007ae600000)
  from space 94720K, 99% used [0x00000007ae600000,0x00000007b423c060,0x00000007b4280000)
  to   space 147968K, 0% used [0x00000007b6f80000,0x00000007b6f80000,0x00000007c0000000)
 ParOldGen       total 500736K, used 292528K [0x00000006c0000000, 0x00000006de900000, 0x000000076ab00000)
  object space 500736K, 58% used [0x00000006c0000000,0x00000006d1dac0f0,0x00000006de900000)
 Metaspace       used 89785K, capacity 90227K, committed 90880K, reserved 1126400K
  class space    used 13831K, capacity 13959K, committed 14080K, reserved 1048576K
Event: 36.198 GC heap after
Heap after GC invocations=31 (full 4):
 PSYoungGen      total 1203712K, used 0K [0x000000076ab00000, 0x00000007c0000000, 0x00000007c0000000)
  eden space 1108992K, 0% used [0x000000076ab00000,0x000000076ab00000,0x00000007ae600000)
  from space 94720K, 0% used [0x00000007ae600000,0x00000007ae600000,0x00000007b4280000)
  to   space 147968K, 0% used [0x00000007b6f80000,0x00000007b6f80000,0x00000007c0000000)
 ParOldGen       total 643584K, used 352681K [0x00000006c0000000, 0x00000006e7480000, 0x000000076ab00000)
  object space 643584K, 54% used [0x00000006c0000000,0x00000006d586a728,0x00000006e7480000)
 Metaspace       used 89785K, capacity 90227K, committed 90880K, reserved 1126400K
  class space    used 13831K, capacity 13959K, committed 14080K, reserved 1048576K
}
Event: 38.432 GC heap before
{Heap before GC invocations=32 (full 4):
 PSYoungGen      total 1203712K, used 1108992K [0x000000076ab00000, 0x00000007c0000000, 0x00000007c0000000)
  eden space 1108992K, 100% used [0x000000076ab00000,0x00000007ae600000,0x00000007ae600000)
  from space 94720K, 0% used [0x00000007ae600000,0x00000007ae600000,0x00000007b4280000)
  to   space 147968K, 0% used [0x00000007b6f80000,0x00000007b6f80000,0x00000007c0000000)
 ParOldGen       total 643584K, used 352681K [0x00000006c0000000, 0x00000006e7480000, 0x000000076ab00000)
  object space 643584K, 54% used [0x00000006c0000000,0x00000006d586a728,0x00000006e7480000)
 Metaspace       used 94988K, capacity 95585K, committed 96384K, reserved 1130496K
  class space    used 14795K, capacity 14964K, committed 14976K, reserved 1048576K
Event: 38.467 GC heap after
Heap after GC invocations=32 (full 4):
 PSYoungGen      total 1257472K, used 63769K [0x000000076ab00000, 0x00000007c0000000, 0x00000007c0000000)
  eden space 1109504K, 0% used [0x000000076ab00000,0x000000076ab00000,0x00000007ae680000)
  from space 147968K, 43% used [0x00000007b6f80000,0x00000007badc6668,0x00000007c0000000)
  to   space 140288K, 0% used [0x00000007ae680000,0x00000007ae680000,0x00000007b6f80000)
 ParOldGen       total 643584K, used 352689K [0x00000006c0000000, 0x00000006e7480000, 0x000000076ab00000)
  object space 643584K, 54% used [0x00000006c0000000,0x00000006d586c728,0x00000006e7480000)
 Metaspace       used 94988K, capacity 95585K, committed 96384K, reserved 1130496K
  class space    used 14795K, capacity 14964K, committed 14976K, reserved 1048576K
}

