# JRE version: Java(TM) SE Runtime Environment (8.0_65-b17) (build 1.8.0_65-b17)
# Java VM: Java HotSpot(TM) 64-Bit Server VM (25.65-b01 mixed mode windows-amd64 compressed oops)
Heap:
 PSYoungGen      total 1262592K, used 1118380K [0x000000076ab00000, 0x00000007bf980000, 0x00000007c0000000)
  eden space 1139200K, 92% used [0x000000076ab00000,0x00000007ab050e08,0x00000007b0380000)
  from space 123392K, 52% used [0x00000007b8100000,0x00000007bbfda5c0,0x00000007bf980000)
  to   space 125952K, 0% used [0x00000007b0380000,0x00000007b0380000,0x00000007b7e80000)
 ParOldGen       total 656384K, used 364756K [0x00000006c0000000, 0x00000006e8100000, 0x000000076ab00000)
  object space 656384K, 55% used [0x00000006c0000000,0x00000006d6435380,0x00000006e8100000)
 Metaspace       used 102927K, capacity 103461K, committed 104192K, reserved 1136640K
  class space    used 16179K, capacity 16346K, committed 16384K, reserved 1048576K
GC Heap History (10 events):
Event: 42.651 GC heap before
{Heap before GC invocations=30 (full 3):
 PSYoungGen      total 1244160K, used 1135159K [0x000000076ab00000, 0x00000007bf300000, 0x00000007c0000000)
  eden space 1104896K, 100% used [0x000000076ab00000,0x00000007ae200000,0x00000007ae200000)
  from space 139264K, 21% used [0x00000007b6b00000,0x00000007b888dfd8,0x00000007bf300000)
  to   space 139776K, 0% used [0x00000007ae200000,0x00000007ae200000,0x00000007b6a80000)
 ParOldGen       total 498176K, used 310971K [0x00000006c0000000, 0x00000006de680000, 0x000000076ab00000)
  object space 498176K, 62% used [0x00000006c0000000,0x00000006d2faeea8,0x00000006de680000)
 Metaspace       used 83770K, capacity 84239K, committed 84864K, reserved 1122304K
  class space    used 12713K, capacity 12865K, committed 12928K, reserved 1048576K
Event: 42.680 GC heap after
Heap after GC invocations=30 (full 3):
 PSYoungGen      total 1244672K, used 49031K [0x000000076ab00000, 0x00000007bf080000, 0x00000007c0000000)
  eden space 1104896K, 0% used [0x000000076ab00000,0x000000076ab00000,0x00000007ae200000)
  from space 139776K, 35% used [0x00000007ae200000,0x00000007b11e1eb0,0x00000007b6a80000)
  to   space 131584K, 0% used [0x00000007b7000000,0x00000007b7000000,0x00000007bf080000)
 ParOldGen       total 498176K, used 311002K [0x00000006c0000000, 0x00000006de680000, 0x000000076ab00000)
  object space 498176K, 62% used [0x00000006c0000000,0x00000006d2fb6b08,0x00000006de680000)
 Metaspace       used 83770K, capacity 84239K, committed 84864K, reserved 1122304K
  class space    used 12713K, capacity 12865K, committed 12928K, reserved 1048576K
}
Event: 45.045 GC heap before
{Heap before GC invocations=31 (full 3):
 PSYoungGen      total 1244672K, used 1153927K [0x000000076ab00000, 0x00000007bf080000, 0x00000007c0000000)
  eden space 1104896K, 100% used [0x000000076ab00000,0x00000007ae200000,0x00000007ae200000)
  from space 139776K, 35% used [0x00000007ae200000,0x00000007b11e1eb0,0x00000007b6a80000)
  to   space 131584K, 0% used [0x00000007b7000000,0x00000007b7000000,0x00000007bf080000)
 ParOldGen       total 498176K, used 311002K [0x00000006c0000000, 0x00000006de680000, 0x000000076ab00000)
  object space 498176K, 62% used [0x00000006c0000000,0x00000006d2fb6b08,0x00000006de680000)
 Metaspace       used 88739K, capacity 89249K, committed 89856K, reserved 1126400K
  class space    used 13630K, capacity 13764K, committed 13824K, reserved 1048576K
Event: 45.078 GC heap after
Heap after GC invocations=31 (full 3):
 PSYoungGen      total 1253376K, used 64617K [0x000000076ab00000, 0x00000007bf200000, 0x00000007c0000000)
  eden space 1121792K, 0% used [0x000000076ab00000,0x000000076ab00000,0x00000007af280000)
  from space 131584K, 49% used [0x00000007b7000000,0x00000007baf1a4c8,0x00000007bf080000)
  to   space 128512K, 0% used [0x00000007af280000,0x00000007af280000,0x00000007b7000000)
 ParOldGen       total 498176K, used 311010K [0x00000006c0000000, 0x00000006de680000, 0x000000076ab00000)
  object space 498176K, 62% used [0x00000006c0000000,0x00000006d2fb8b08,0x00000006de680000)
 Metaspace       used 88739K, capacity 89249K, committed 89856K, reserved 1126400K
  class space    used 13630K, capacity 13764K, committed 13824K, reserved 1048576K
}
Event: 46.973 GC heap before
{Heap before GC invocations=32 (full 3):
 PSYoungGen      total 1253376K, used 894234K [0x000000076ab00000, 0x00000007bf200000, 0x00000007c0000000)
  eden space 1121792K, 73% used [0x000000076ab00000,0x000000079d52c368,0x00000007af280000)
  from space 131584K, 49% used [0x00000007b7000000,0x00000007baf1a4c8,0x00000007bf080000)
  to   space 128512K, 0% used [0x00000007af280000,0x00000007af280000,0x00000007b7000000)
 ParOldGen       total 498176K, used 311010K [0x00000006c0000000, 0x00000006de680000, 0x000000076ab00000)
  object space 498176K, 62% used [0x00000006c0000000,0x00000006d2fb8b08,0x00000006de680000)
 Metaspace       used 92799K, capacity 93259K, committed 93868K, reserved 1128448K
  class space    used 14377K, capacity 14539K, committed 14592K, reserved 1048576K
Event: 47.018 GC heap after
Heap after GC invocations=32 (full 3):
 PSYoungGen      total 1250304K, used 78113K [0x000000076ab00000, 0x00000007c0000000, 0x00000007c0000000)
  eden space 1121792K, 0% used [0x000000076ab00000,0x000000076ab00000,0x00000007af280000)
  from space 128512K, 60% used [0x00000007af280000,0x00000007b3ec8690,0x00000007b7000000)
  to   space 130048K, 0% used [0x00000007b8100000,0x00000007b8100000,0x00000007c0000000)
 ParOldGen       total 498176K, used 311018K [0x00000006c0000000, 0x00000006de680000, 0x000000076ab00000)
  object space 498176K, 62% used [0x00000006c0000000,0x00000006d2fbab08,0x00000006de680000)
 Metaspace       used 92799K, capacity 93259K, committed 93868K, reserved 1128448K
  class space    used 14377K, capacity 14539K, committed 14592K, reserved 1048576K
}
Event: 47.018 GC heap before
{Heap before GC invocations=33 (full 4):
 PSYoungGen      total 1250304K, used 78113K [0x000000076ab00000, 0x00000007c0000000, 0x00000007c0000000)
  eden space 1121792K, 0% used [0x000000076ab00000,0x000000076ab00000,0x00000007af280000)
  from space 128512K, 60% used [0x00000007af280000,0x00000007b3ec8690,0x00000007b7000000)
  to   space 130048K, 0% used [0x00000007b8100000,0x00000007b8100000,0x00000007c0000000)
 ParOldGen       total 498176K, used 311018K [0x00000006c0000000, 0x00000006de680000, 0x000000076ab00000)
  object space 498176K, 62% used [0x00000006c0000000,0x00000006d2fbab08,0x00000006de680000)
 Metaspace       used 92799K, capacity 93259K, committed 93868K, reserved 1128448K
  class space    used 14377K, capacity 14539K, committed 14592K, reserved 1048576K
Event: 47.508 GC heap after
Heap after GC invocations=33 (full 4):
 PSYoungGen      total 1250304K, used 0K [0x000000076ab00000, 0x00000007c0000000, 0x00000007c0000000)
  eden space 1121792K, 0% used [0x000000076ab00000,0x000000076ab00000,0x00000007af280000)
  from space 128512K, 0% used [0x00000007af280000,0x00000007af280000,0x00000007b7000000)
  to   space 130048K, 0% used [0x00000007b8100000,0x00000007b8100000,0x00000007c0000000)
 ParOldGen       total 656384K, used 364748K [0x00000006c0000000, 0x00000006e8100000, 0x000000076ab00000)
  object space 656384K, 55% used [0x00000006c0000000,0x00000006d6433380,0x00000006e8100000)
 Metaspace       used 92799K, capacity 93259K, committed 93868K, reserved 1128448K
  class space    used 14377K, capacity 14539K, committed 14592K, reserved 1048576K
}
Event: 50.475 GC heap before
{Heap before GC invocations=34 (full 4):
 PSYoungGen      total 1250304K, used 1121792K [0x000000076ab00000, 0x00000007c0000000, 0x00000007c0000000)
  eden space 1121792K, 100% used [0x000000076ab00000,0x00000007af280000,0x00000007af280000)
  from space 128512K, 0% used [0x00000007af280000,0x00000007af280000,0x00000007b7000000)
  to   space 130048K, 0% used [0x00000007b8100000,0x00000007b8100000,0x00000007c0000000)
 ParOldGen       total 656384K, used 364748K [0x00000006c0000000, 0x00000006e8100000, 0x000000076ab00000)
  object space 656384K, 55% used [0x00000006c0000000,0x00000006d6433380,0x00000006e8100000)
 Metaspace       used 97855K, capacity 98323K, committed 99200K, reserved 1132544K
  class space    used 15302K, capacity 15447K, committed 15488K, reserved 1048576K
Event: 50.526 GC heap after
Heap after GC invocations=34 (full 4):
 PSYoungGen      total 1262592K, used 64361K [0x000000076ab00000, 0x00000007bf980000, 0x00000007c0000000)
  eden space 1139200K, 0% used [0x000000076ab00000,0x000000076ab00000,0x00000007b0380000)
  from space 123392K, 52% used [0x00000007b8100000,0x00000007bbfda5c0,0x00000007bf980000)
  to   space 125952K, 0% used [0x00000007b0380000,0x00000007b0380000,0x00000007b7e80000)
 ParOldGen       total 656384K, used 364756K [0x00000006c0000000, 0x00000006e8100000, 0x000000076ab00000)
  object space 656384K, 55% used [0x00000006c0000000,0x00000006d6435380,0x00000006e8100000)
 Metaspace       used 97855K, capacity 98323K, committed 99200K, reserved 1132544K
  class space    used 15302K, capacity 15447K, committed 15488K, reserved 1048576K
}

